2024-01-26 10:08:26|[ - -  -  -  -  -  -  -  -  - logStarting] | I | com.example.backendassignment.BackendAssignmentApplication| main| Starting BackendAssignmentApplication using Java 1.8.0_202 on JAGGA with PID 18680 (C:\Users\brarj\Downloads\BackendAssignment3\target\classes started by brarj in C:\Users\brarj\Downloads\BackendAssignment3)
2024-01-26 10:08:26|[ - -  -  -  -  -  -  -  -  - logStartupProfileInfo] | I | com.example.backendassignment.BackendAssignmentApplication| main| No active profile set, falling back to default profiles: default
2024-01-26 10:08:27|[ - -  -  -  -  -  -  -  -  - registerRepositoriesIn] | I | org.springframework.data.repository.config.RepositoryConfigurationDelegate| main| Bootstrapping Spring Data JPA repositories in DEFAULT mode.
2024-01-26 10:08:27|[ - -  -  -  -  -  -  -  -  - registerRepositoriesIn] | I | org.springframework.data.repository.config.RepositoryConfigurationDelegate| main| Finished Spring Data repository scanning in 42 ms. Found 3 JPA repository interfaces.
2024-01-26 10:08:27|[ - -  -  -  -  -  -  -  -  - initialize] | I | org.springframework.boot.web.embedded.tomcat.TomcatWebServer| main| Tomcat initialized with port(s): 8080 (http)
2024-01-26 10:08:27|[ - -  -  -  -  -  -  -  -  - prepareWebApplicationContext] | I | org.springframework.boot.web.servlet.context.ServletWebServerApplicationContext| main| Root WebApplicationContext: initialization completed in 952 ms
2024-01-26 10:08:27|[ - -  -  -  -  -  -  -  -  - getConnection] | I | com.zaxxer.hikari.HikariDataSource| main| HikariPool-1 - Starting...
2024-01-26 10:08:27|[ - -  -  -  -  -  -  -  -  - getConnection] | I | com.zaxxer.hikari.HikariDataSource| main| HikariPool-1 - Start completed.
2024-01-26 10:08:27|[ - -  -  -  -  -  -  -  -  - lambda$h2Console$0] | I | org.springframework.boot.autoconfigure.h2.H2ConsoleAutoConfiguration| main| H2 console available at '/h2-console'. Database available at 'jdbc:h2:mem:testdb'
2024-01-26 10:08:28|[ - -  -  -  -  -  -  -  -  - buildNativeEntityManagerFactory] | I | org.springframework.orm.jpa.LocalContainerEntityManagerFactoryBean| main| Initialized JPA EntityManagerFactory for persistence unit 'default'
2024-01-26 10:08:28|[ - -  -  -  -  -  -  -  -  - openEntityManagerInViewInterceptor] | W | org.springframework.boot.autoconfigure.orm.jpa.JpaBaseConfiguration$JpaWebConfiguration| main| spring.jpa.open-in-view is enabled by default. Therefore, database queries may be performed during view rendering. Explicitly configure spring.jpa.open-in-view to disable this warning
2024-01-26 10:08:28|[ - -  -  -  -  -  -  -  -  - <init>] | I | org.springframework.security.web.DefaultSecurityFilterChain| main| Will secure any request with [org.springframework.security.web.context.request.async.WebAsyncManagerIntegrationFilter@40c76f5a, org.springframework.security.web.context.SecurityContextPersistenceFilter@64c25a62, org.springframework.security.web.header.HeaderWriterFilter@394a6d2b, org.springframework.security.web.authentication.logout.LogoutFilter@4438938e, org.springframework.security.web.authentication.www.BasicAuthenticationFilter@75ad30c1, org.springframework.security.web.savedrequest.RequestCacheAwareFilter@66a82a13, org.springframework.security.web.servletapi.SecurityContextHolderAwareRequestFilter@59f45950, org.springframework.security.web.authentication.AnonymousAuthenticationFilter@a323a5b, org.springframework.security.web.session.SessionManagementFilter@163e8949, org.springframework.security.web.access.ExceptionTranslationFilter@1d17423f, org.springframework.security.web.access.intercept.FilterSecurityInterceptor@4264beb8]
2024-01-26 10:08:29|[ - -  -  -  -  -  -  -  -  - start] | I | org.springframework.boot.web.embedded.tomcat.TomcatWebServer| main| Tomcat started on port(s): 8080 (http) with context path ''
2024-01-26 10:08:29|[ - -  -  -  -  -  -  -  -  - logStarted] | I | com.example.backendassignment.BackendAssignmentApplication| main| Started BackendAssignmentApplication in 2.811 seconds (JVM running for 3.499)
2024-01-26 10:09:15|[ - -  -  -  -  -  -  -  -  - initServletBean] | I | org.springframework.web.servlet.DispatcherServlet| http-nio-8080-exec-2| Initializing Servlet 'dispatcherServlet'
2024-01-26 10:09:15|[ - -  -  -  -  -  -  -  -  - initServletBean] | I | org.springframework.web.servlet.DispatcherServlet| http-nio-8080-exec-2| Completed initialization in 1 ms
2024-01-26 10:11:55|[ - -  -  -  -  -  -  -  -  - destroy] | I | org.springframework.orm.jpa.LocalContainerEntityManagerFactoryBean| SpringApplicationShutdownHook| Closing JPA EntityManagerFactory for persistence unit 'default'
2024-01-26 10:11:55|[ - -  -  -  -  -  -  -  -  - close] | I | com.zaxxer.hikari.HikariDataSource| SpringApplicationShutdownHook| HikariPool-1 - Shutdown initiated...
2024-01-26 10:11:55|[ - -  -  -  -  -  -  -  -  - close] | I | com.zaxxer.hikari.HikariDataSource| SpringApplicationShutdownHook| HikariPool-1 - Shutdown completed.
2024-01-26 10:11:59|[ - -  -  -  -  -  -  -  -  - logStarting] | I | com.example.backendassignment.BackendAssignmentApplication| main| Starting BackendAssignmentApplication using Java 1.8.0_202 on JAGGA with PID 28944 (C:\Users\brarj\Downloads\BackendAssignment3\target\classes started by brarj in C:\Users\brarj\Downloads\BackendAssignment3)
2024-01-26 10:11:59|[ - -  -  -  -  -  -  -  -  - <clinit>] | I | org.hibernate.validator.internal.util.Version| background-preinit| HV000001: Hibernate Validator 6.2.0.Final
2024-01-26 10:11:59|[ - -  -  -  -  -  -  -  -  - logStartupProfileInfo] | I | com.example.backendassignment.BackendAssignmentApplication| main| No active profile set, falling back to default profiles: default
2024-01-26 10:11:59|[ - -  -  -  -  -  -  -  -  - registerRepositoriesIn] | I | org.springframework.data.repository.config.RepositoryConfigurationDelegate| main| Bootstrapping Spring Data JPA repositories in DEFAULT mode.
2024-01-26 10:11:59|[ - -  -  -  -  -  -  -  -  - registerRepositoriesIn] | I | org.springframework.data.repository.config.RepositoryConfigurationDelegate| main| Finished Spring Data repository scanning in 42 ms. Found 3 JPA repository interfaces.
2024-01-26 10:12:00|[ - -  -  -  -  -  -  -  -  - initialize] | I | org.springframework.boot.web.embedded.tomcat.TomcatWebServer| main| Tomcat initialized with port(s): 8080 (http)
2024-01-26 10:12:00|[ - -  -  -  -  -  -  -  -  - log] | I | org.apache.coyote.http11.Http11NioProtocol| main| Initializing ProtocolHandler ["http-nio-8080"]
2024-01-26 10:12:00|[ - -  -  -  -  -  -  -  -  - log] | I | org.apache.catalina.core.StandardService| main| Starting service [Tomcat]
2024-01-26 10:12:00|[ - -  -  -  -  -  -  -  -  - log] | I | org.apache.catalina.core.StandardEngine| main| Starting Servlet engine: [Apache Tomcat/9.0.50]
2024-01-26 10:12:00|[ - -  -  -  -  -  -  -  -  - log] | I | org.apache.catalina.core.ContainerBase.[Tomcat].[localhost].[/]| main| Initializing Spring embedded WebApplicationContext
2024-01-26 10:12:00|[ - -  -  -  -  -  -  -  -  - prepareWebApplicationContext] | I | org.springframework.boot.web.servlet.context.ServletWebServerApplicationContext| main| Root WebApplicationContext: initialization completed in 955 ms
2024-01-26 10:12:00|[ - -  -  -  -  -  -  -  -  - getConnection] | I | com.zaxxer.hikari.HikariDataSource| main| HikariPool-1 - Starting...
2024-01-26 10:12:00|[ - -  -  -  -  -  -  -  -  - getConnection] | I | com.zaxxer.hikari.HikariDataSource| main| HikariPool-1 - Start completed.
2024-01-26 10:12:00|[ - -  -  -  -  -  -  -  -  - lambda$h2Console$0] | I | org.springframework.boot.autoconfigure.h2.H2ConsoleAutoConfiguration| main| H2 console available at '/h2-console'. Database available at 'jdbc:h2:mem:testdb'
2024-01-26 10:12:00|[ - -  -  -  -  -  -  -  -  - logPersistenceUnitInformation] | I | org.hibernate.jpa.internal.util.LogHelper| main| HHH000204: Processing PersistenceUnitInfo [name: default]
2024-01-26 10:12:00|[ - -  -  -  -  -  -  -  -  - logVersion] | I | org.hibernate.Version| main| HHH000412: Hibernate ORM core version 5.4.32.Final
2024-01-26 10:12:00|[ - -  -  -  -  -  -  -  -  - <clinit>] | I | org.hibernate.annotations.common.Version| main| HCANN000001: Hibernate Commons Annotations {5.1.2.Final}
2024-01-26 10:12:00|[ - -  -  -  -  -  -  -  -  - <init>] | I | org.hibernate.dialect.Dialect| main| HHH000400: Using dialect: org.hibernate.dialect.H2Dialect
2024-01-26 10:12:01|[ - -  -  -  -  -  -  -  -  - initiateService] | I | org.hibernate.engine.transaction.jta.platform.internal.JtaPlatformInitiator| main| HHH000490: Using JtaPlatform implementation: [org.hibernate.engine.transaction.jta.platform.internal.NoJtaPlatform]
2024-01-26 10:12:01|[ - -  -  -  -  -  -  -  -  - buildNativeEntityManagerFactory] | I | org.springframework.orm.jpa.LocalContainerEntityManagerFactoryBean| main| Initialized JPA EntityManagerFactory for persistence unit 'default'
2024-01-26 10:12:01|[ - -  -  -  -  -  -  -  -  - openEntityManagerInViewInterceptor] | W | org.springframework.boot.autoconfigure.orm.jpa.JpaBaseConfiguration$JpaWebConfiguration| main| spring.jpa.open-in-view is enabled by default. Therefore, database queries may be performed during view rendering. Explicitly configure spring.jpa.open-in-view to disable this warning
2024-01-26 10:12:01|[ - -  -  -  -  -  -  -  -  - <init>] | I | org.springframework.security.web.DefaultSecurityFilterChain| main| Will secure any request with [org.springframework.security.web.context.request.async.WebAsyncManagerIntegrationFilter@7cdb7fc, org.springframework.security.web.context.SecurityContextPersistenceFilter@5cd8d029, org.springframework.security.web.header.HeaderWriterFilter@22865072, org.springframework.security.web.authentication.logout.LogoutFilter@66a82a13, org.springframework.security.web.authentication.www.BasicAuthenticationFilter@72fb989b, org.springframework.security.web.savedrequest.RequestCacheAwareFilter@6e8f2094, org.springframework.security.web.servletapi.SecurityContextHolderAwareRequestFilter@5c70d7f0, org.springframework.security.web.authentication.AnonymousAuthenticationFilter@524f5ea5, org.springframework.security.web.session.SessionManagementFilter@54c11750, org.springframework.security.web.access.ExceptionTranslationFilter@4e5c8ef3, org.springframework.security.web.access.intercept.FilterSecurityInterceptor@698d6d30]
2024-01-26 10:12:01|[ - -  -  -  -  -  -  -  -  - log] | I | org.apache.coyote.http11.Http11NioProtocol| main| Starting ProtocolHandler ["http-nio-8080"]
2024-01-26 10:12:01|[ - -  -  -  -  -  -  -  -  - start] | I | org.springframework.boot.web.embedded.tomcat.TomcatWebServer| main| Tomcat started on port(s): 8080 (http) with context path ''
2024-01-26 10:12:01|[ - -  -  -  -  -  -  -  -  - logStarted] | I | com.example.backendassignment.BackendAssignmentApplication| main| Started BackendAssignmentApplication in 2.861 seconds (JVM running for 3.553)
2024-01-26 10:13:06|[ - -  -  -  -  -  -  -  -  - destroy] | I | org.springframework.orm.jpa.LocalContainerEntityManagerFactoryBean| SpringApplicationShutdownHook| Closing JPA EntityManagerFactory for persistence unit 'default'
2024-01-26 10:13:06|[ - -  -  -  -  -  -  -  -  - perform] | I | org.hibernate.tool.schema.internal.SchemaDropperImpl$DelayedDropActionImpl| SpringApplicationShutdownHook| HHH000477: Starting delayed evictData of schema as part of SessionFactory shut-down'
2024-01-26 10:13:06|[ - -  -  -  -  -  -  -  -  - close] | I | com.zaxxer.hikari.HikariDataSource| SpringApplicationShutdownHook| HikariPool-1 - Shutdown initiated...
2024-01-26 10:13:06|[ - -  -  -  -  -  -  -  -  - close] | I | com.zaxxer.hikari.HikariDataSource| SpringApplicationShutdownHook| HikariPool-1 - Shutdown completed.
2024-01-26 10:13:08|[ - -  -  -  -  -  -  -  -  - logStarting] | I | com.example.backendassignment.BackendAssignmentApplication| main| Starting BackendAssignmentApplication using Java 1.8.0_202 on JAGGA with PID 13700 (C:\Users\brarj\Downloads\BackendAssignment3\target\classes started by brarj in C:\Users\brarj\Downloads\BackendAssignment3)
2024-01-26 10:13:08|[ - -  -  -  -  -  -  -  -  - logStartupProfileInfo] | I | com.example.backendassignment.BackendAssignmentApplication| main| No active profile set, falling back to default profiles: default
2024-01-26 10:13:09|[ - -  -  -  -  -  -  -  -  - registerRepositoriesIn] | I | org.springframework.data.repository.config.RepositoryConfigurationDelegate| main| Bootstrapping Spring Data JPA repositories in DEFAULT mode.
2024-01-26 10:13:09|[ - -  -  -  -  -  -  -  -  - registerRepositoriesIn] | I | org.springframework.data.repository.config.RepositoryConfigurationDelegate| main| Finished Spring Data repository scanning in 41 ms. Found 3 JPA repository interfaces.
2024-01-26 10:13:09|[ - -  -  -  -  -  -  -  -  - initialize] | I | org.springframework.boot.web.embedded.tomcat.TomcatWebServer| main| Tomcat initialized with port(s): 8080 (http)
2024-01-26 10:13:09|[ - -  -  -  -  -  -  -  -  - prepareWebApplicationContext] | I | org.springframework.boot.web.servlet.context.ServletWebServerApplicationContext| main| Root WebApplicationContext: initialization completed in 960 ms
2024-01-26 10:13:09|[ - -  -  -  -  -  -  -  -  - getConnection] | I | com.zaxxer.hikari.HikariDataSource| main| HikariPool-1 - Starting...
2024-01-26 10:13:09|[ - -  -  -  -  -  -  -  -  - getConnection] | I | com.zaxxer.hikari.HikariDataSource| main| HikariPool-1 - Start completed.
2024-01-26 10:13:09|[ - -  -  -  -  -  -  -  -  - lambda$h2Console$0] | I | org.springframework.boot.autoconfigure.h2.H2ConsoleAutoConfiguration| main| H2 console available at '/h2-console'. Database available at 'jdbc:h2:mem:testdb'
2024-01-26 10:13:10|[ - -  -  -  -  -  -  -  -  - buildNativeEntityManagerFactory] | I | org.springframework.orm.jpa.LocalContainerEntityManagerFactoryBean| main| Initialized JPA EntityManagerFactory for persistence unit 'default'
2024-01-26 10:13:10|[ - -  -  -  -  -  -  -  -  - openEntityManagerInViewInterceptor] | W | org.springframework.boot.autoconfigure.orm.jpa.JpaBaseConfiguration$JpaWebConfiguration| main| spring.jpa.open-in-view is enabled by default. Therefore, database queries may be performed during view rendering. Explicitly configure spring.jpa.open-in-view to disable this warning
2024-01-26 10:13:11|[ - -  -  -  -  -  -  -  -  - <init>] | I | org.springframework.security.web.DefaultSecurityFilterChain| main| Will secure any request with [org.springframework.security.web.context.request.async.WebAsyncManagerIntegrationFilter@7cd3e0da, org.springframework.security.web.context.SecurityContextPersistenceFilter@6a5dd083, org.springframework.security.web.header.HeaderWriterFilter@3a0896b3, org.springframework.security.web.authentication.logout.LogoutFilter@5773d271, org.springframework.security.web.authentication.www.BasicAuthenticationFilter@5599b5bb, org.springframework.security.web.savedrequest.RequestCacheAwareFilter@1d17423f, org.springframework.security.web.servletapi.SecurityContextHolderAwareRequestFilter@638afcaa, org.springframework.security.web.authentication.AnonymousAuthenticationFilter@919086, org.springframework.security.web.session.SessionManagementFilter@6e00837f, org.springframework.security.web.access.ExceptionTranslationFilter@7e18ced7, org.springframework.security.web.access.intercept.FilterSecurityInterceptor@748904e8]
2024-01-26 10:13:11|[ - -  -  -  -  -  -  -  -  - start] | I | org.springframework.boot.web.embedded.tomcat.TomcatWebServer| main| Tomcat started on port(s): 8080 (http) with context path ''
2024-01-26 10:13:11|[ - -  -  -  -  -  -  -  -  - logStarted] | I | com.example.backendassignment.BackendAssignmentApplication| main| Started BackendAssignmentApplication in 2.831 seconds (JVM running for 3.544)
2024-01-26 10:37:20|[ - -  -  -  -  -  -  -  -  - destroy] | I | org.springframework.orm.jpa.LocalContainerEntityManagerFactoryBean| SpringApplicationShutdownHook| Closing JPA EntityManagerFactory for persistence unit 'default'
2024-01-26 10:37:20|[ - -  -  -  -  -  -  -  -  - close] | I | com.zaxxer.hikari.HikariDataSource| SpringApplicationShutdownHook| HikariPool-1 - Shutdown initiated...
2024-01-26 10:37:20|[ - -  -  -  -  -  -  -  -  - close] | I | com.zaxxer.hikari.HikariDataSource| SpringApplicationShutdownHook| HikariPool-1 - Shutdown completed.
2024-01-26 10:37:25|[ - -  -  -  -  -  -  -  -  - logStarting] | I | com.example.backendassignment.BackendAssignmentApplication| main| Starting BackendAssignmentApplication using Java 1.8.0_202 on JAGGA with PID 29320 (C:\Users\brarj\Downloads\BackendAssignment3\target\classes started by brarj in C:\Users\brarj\Downloads\BackendAssignment3)
2024-01-26 10:37:25|[ - -  -  -  -  -  -  -  -  - logStartupProfileInfo] | I | com.example.backendassignment.BackendAssignmentApplication| main| No active profile set, falling back to default profiles: default
2024-01-26 10:37:25|[ - -  -  -  -  -  -  -  -  - registerRepositoriesIn] | I | org.springframework.data.repository.config.RepositoryConfigurationDelegate| main| Bootstrapping Spring Data JPA repositories in DEFAULT mode.
2024-01-26 10:37:25|[ - -  -  -  -  -  -  -  -  - registerRepositoriesIn] | I | org.springframework.data.repository.config.RepositoryConfigurationDelegate| main| Finished Spring Data repository scanning in 43 ms. Found 3 JPA repository interfaces.
2024-01-26 10:37:26|[ - -  -  -  -  -  -  -  -  - initialize] | I | org.springframework.boot.web.embedded.tomcat.TomcatWebServer| main| Tomcat initialized with port(s): 8080 (http)
2024-01-26 10:37:26|[ - -  -  -  -  -  -  -  -  - prepareWebApplicationContext] | I | org.springframework.boot.web.servlet.context.ServletWebServerApplicationContext| main| Root WebApplicationContext: initialization completed in 945 ms
2024-01-26 10:37:26|[ - -  -  -  -  -  -  -  -  - getConnection] | I | com.zaxxer.hikari.HikariDataSource| main| HikariPool-1 - Starting...
2024-01-26 10:37:26|[ - -  -  -  -  -  -  -  -  - getConnection] | I | com.zaxxer.hikari.HikariDataSource| main| HikariPool-1 - Start completed.
2024-01-26 10:37:26|[ - -  -  -  -  -  -  -  -  - lambda$h2Console$0] | I | org.springframework.boot.autoconfigure.h2.H2ConsoleAutoConfiguration| main| H2 console available at '/h2-console'. Database available at 'jdbc:h2:mem:testdb'
2024-01-26 10:37:26|[ - -  -  -  -  -  -  -  -  - buildNativeEntityManagerFactory] | E | org.springframework.orm.jpa.LocalContainerEntityManagerFactoryBean| main| Failed to initialize JPA EntityManagerFactory: mappedBy reference an unknown target entity property: com.example.backendassignment.models.BorrowingRecord.Book in com.example.backendassignment.models.Book.borrowingRecordOfBook
2024-01-26 10:37:26|[ - -  -  -  -  -  -  -  -  - refresh] | W | org.springframework.boot.web.servlet.context.AnnotationConfigServletWebServerApplicationContext| main| Exception encountered during context initialization - cancelling refresh attempt: org.springframework.beans.factory.BeanCreationException: Error creating bean with name 'entityManagerFactory' defined in class path resource [org/springframework/boot/autoconfigure/orm/jpa/HibernateJpaConfiguration.class]: Invocation of init method failed; nested exception is org.hibernate.AnnotationException: mappedBy reference an unknown target entity property: com.example.backendassignment.models.BorrowingRecord.Book in com.example.backendassignment.models.Book.borrowingRecordOfBook
2024-01-26 10:37:26|[ - -  -  -  -  -  -  -  -  - close] | I | com.zaxxer.hikari.HikariDataSource| main| HikariPool-1 - Shutdown initiated...
2024-01-26 10:37:26|[ - -  -  -  -  -  -  -  -  - close] | I | com.zaxxer.hikari.HikariDataSource| main| HikariPool-1 - Shutdown completed.
2024-01-26 10:37:26|[ - -  -  -  -  -  -  -  -  - logMessage] | I | org.springframework.boot.autoconfigure.logging.ConditionEvaluationReportLoggingListener| main| 

Error starting ApplicationContext. To display the conditions report re-run your application with 'debug' enabled.
2024-01-26 10:37:26|[ - -  -  -  -  -  -  -  -  - reportFailure] | E | org.springframework.boot.SpringApplication| main| Application run failed
org.springframework.beans.factory.BeanCreationException: Error creating bean with name 'entityManagerFactory' defined in class path resource [org/springframework/boot/autoconfigure/orm/jpa/HibernateJpaConfiguration.class]: Invocation of init method failed; nested exception is org.hibernate.AnnotationException: mappedBy reference an unknown target entity property: com.example.backendassignment.models.BorrowingRecord.Book in com.example.backendassignment.models.Book.borrowingRecordOfBook
	at org.springframework.beans.factory.support.AbstractAutowireCapableBeanFactory.initializeBean(AbstractAutowireCapableBeanFactory.java:1786)
	at org.springframework.beans.factory.support.AbstractAutowireCapableBeanFactory.doCreateBean(AbstractAutowireCapableBeanFactory.java:602)
	at org.springframework.beans.factory.support.AbstractAutowireCapableBeanFactory.createBean(AbstractAutowireCapableBeanFactory.java:524)
	at org.springframework.beans.factory.support.AbstractBeanFactory.lambda$doGetBean$0(AbstractBeanFactory.java:335)
	at org.springframework.beans.factory.support.DefaultSingletonBeanRegistry.getSingleton(DefaultSingletonBeanRegistry.java:234)
	at org.springframework.beans.factory.support.AbstractBeanFactory.doGetBean(AbstractBeanFactory.java:333)
	at org.springframework.beans.factory.support.AbstractBeanFactory.getBean(AbstractBeanFactory.java:208)
	at org.springframework.context.support.AbstractApplicationContext.getBean(AbstractApplicationContext.java:1154)
	at org.springframework.context.support.AbstractApplicationContext.finishBeanFactoryInitialization(AbstractApplicationContext.java:908)
	at org.springframework.context.support.AbstractApplicationContext.refresh(AbstractApplicationContext.java:583)
	at org.springframework.boot.web.servlet.context.ServletWebServerApplicationContext.refresh(ServletWebServerApplicationContext.java:145)
	at org.springframework.boot.SpringApplication.refresh(SpringApplication.java:754)
	at org.springframework.boot.SpringApplication.refreshContext(SpringApplication.java:434)
	at org.springframework.boot.SpringApplication.run(SpringApplication.java:338)
	at org.springframework.boot.SpringApplication.run(SpringApplication.java:1343)
	at org.springframework.boot.SpringApplication.run(SpringApplication.java:1332)
	at com.example.backendassignment.BackendAssignmentApplication.main(BackendAssignmentApplication.java:16)
Caused by: org.hibernate.AnnotationException: mappedBy reference an unknown target entity property: com.example.backendassignment.models.BorrowingRecord.Book in com.example.backendassignment.models.Book.borrowingRecordOfBook
	at org.hibernate.cfg.annotations.CollectionBinder.bindStarToManySecondPass(CollectionBinder.java:848)
	at org.hibernate.cfg.annotations.CollectionBinder$1.secondPass(CollectionBinder.java:799)
	at org.hibernate.cfg.CollectionSecondPass.doSecondPass(CollectionSecondPass.java:53)
	at org.hibernate.boot.internal.InFlightMetadataCollectorImpl.processSecondPasses(InFlightMetadataCollectorImpl.java:1693)
	at org.hibernate.boot.internal.InFlightMetadataCollectorImpl.processSecondPasses(InFlightMetadataCollectorImpl.java:1661)
	at org.hibernate.boot.model.process.spi.MetadataBuildingProcess.complete(MetadataBuildingProcess.java:295)
	at org.hibernate.jpa.boot.internal.EntityManagerFactoryBuilderImpl.metadata(EntityManagerFactoryBuilderImpl.java:1224)
	at org.hibernate.jpa.boot.internal.EntityManagerFactoryBuilderImpl.build(EntityManagerFactoryBuilderImpl.java:1255)
	at org.springframework.orm.jpa.vendor.SpringHibernateJpaPersistenceProvider.createContainerEntityManagerFactory(SpringHibernateJpaPersistenceProvider.java:58)
	at org.springframework.orm.jpa.LocalContainerEntityManagerFactoryBean.createNativeEntityManagerFactory(LocalContainerEntityManagerFactoryBean.java:365)
	at org.springframework.orm.jpa.AbstractEntityManagerFactoryBean.buildNativeEntityManagerFactory(AbstractEntityManagerFactoryBean.java:409)
	at org.springframework.orm.jpa.AbstractEntityManagerFactoryBean.afterPropertiesSet(AbstractEntityManagerFactoryBean.java:396)
	at org.springframework.orm.jpa.LocalContainerEntityManagerFactoryBean.afterPropertiesSet(LocalContainerEntityManagerFactoryBean.java:341)
	at org.springframework.beans.factory.support.AbstractAutowireCapableBeanFactory.invokeInitMethods(AbstractAutowireCapableBeanFactory.java:1845)
	at org.springframework.beans.factory.support.AbstractAutowireCapableBeanFactory.initializeBean(AbstractAutowireCapableBeanFactory.java:1782)
	... 16 common frames omitted
2024-01-26 10:40:02|[ - -  -  -  -  -  -  -  -  - logStarting] | I | com.example.backendassignment.BackendAssignmentApplication| main| Starting BackendAssignmentApplication using Java 1.8.0_202 on JAGGA with PID 30716 (C:\Users\brarj\Downloads\BackendAssignment3\target\classes started by brarj in C:\Users\brarj\Downloads\BackendAssignment3)
2024-01-26 10:40:02|[ - -  -  -  -  -  -  -  -  - logStartupProfileInfo] | I | com.example.backendassignment.BackendAssignmentApplication| main| No active profile set, falling back to default profiles: default
2024-01-26 10:40:03|[ - -  -  -  -  -  -  -  -  - registerRepositoriesIn] | I | org.springframework.data.repository.config.RepositoryConfigurationDelegate| main| Bootstrapping Spring Data JPA repositories in DEFAULT mode.
2024-01-26 10:40:03|[ - -  -  -  -  -  -  -  -  - registerRepositoriesIn] | I | org.springframework.data.repository.config.RepositoryConfigurationDelegate| main| Finished Spring Data repository scanning in 43 ms. Found 3 JPA repository interfaces.
2024-01-26 10:40:03|[ - -  -  -  -  -  -  -  -  - initialize] | I | org.springframework.boot.web.embedded.tomcat.TomcatWebServer| main| Tomcat initialized with port(s): 8080 (http)
2024-01-26 10:40:04|[ - -  -  -  -  -  -  -  -  - prepareWebApplicationContext] | I | org.springframework.boot.web.servlet.context.ServletWebServerApplicationContext| main| Root WebApplicationContext: initialization completed in 1058 ms
2024-01-26 10:40:04|[ - -  -  -  -  -  -  -  -  - getConnection] | I | com.zaxxer.hikari.HikariDataSource| main| HikariPool-1 - Starting...
2024-01-26 10:40:04|[ - -  -  -  -  -  -  -  -  - getConnection] | I | com.zaxxer.hikari.HikariDataSource| main| HikariPool-1 - Start completed.
2024-01-26 10:40:04|[ - -  -  -  -  -  -  -  -  - lambda$h2Console$0] | I | org.springframework.boot.autoconfigure.h2.H2ConsoleAutoConfiguration| main| H2 console available at '/h2-console'. Database available at 'jdbc:h2:mem:testdb'
2024-01-26 10:40:05|[ - -  -  -  -  -  -  -  -  - buildNativeEntityManagerFactory] | I | org.springframework.orm.jpa.LocalContainerEntityManagerFactoryBean| main| Initialized JPA EntityManagerFactory for persistence unit 'default'
2024-01-26 10:40:05|[ - -  -  -  -  -  -  -  -  - openEntityManagerInViewInterceptor] | W | org.springframework.boot.autoconfigure.orm.jpa.JpaBaseConfiguration$JpaWebConfiguration| main| spring.jpa.open-in-view is enabled by default. Therefore, database queries may be performed during view rendering. Explicitly configure spring.jpa.open-in-view to disable this warning
2024-01-26 10:40:05|[ - -  -  -  -  -  -  -  -  - <init>] | I | org.springframework.security.web.DefaultSecurityFilterChain| main| Will secure any request with [org.springframework.security.web.context.request.async.WebAsyncManagerIntegrationFilter@25ae1f80, org.springframework.security.web.context.SecurityContextPersistenceFilter@14a1769d, org.springframework.security.web.header.HeaderWriterFilter@36211bbc, org.springframework.security.web.authentication.logout.LogoutFilter@1de7f898, org.springframework.security.web.authentication.www.BasicAuthenticationFilter@57e4b86c, org.springframework.security.web.savedrequest.RequestCacheAwareFilter@33751d49, org.springframework.security.web.servletapi.SecurityContextHolderAwareRequestFilter@4c5da4f9, org.springframework.security.web.authentication.AnonymousAuthenticationFilter@54f2df29, org.springframework.security.web.session.SessionManagementFilter@77ea806f, org.springframework.security.web.access.ExceptionTranslationFilter@239b98cb, org.springframework.security.web.access.intercept.FilterSecurityInterceptor@16bbaab3]
2024-01-26 10:40:05|[ - -  -  -  -  -  -  -  -  - start] | I | org.springframework.boot.web.embedded.tomcat.TomcatWebServer| main| Tomcat started on port(s): 8080 (http) with context path ''
2024-01-26 10:40:05|[ - -  -  -  -  -  -  -  -  - logStarted] | I | com.example.backendassignment.BackendAssignmentApplication| main| Started BackendAssignmentApplication in 3.251 seconds (JVM running for 3.93)
2024-01-26 10:40:26|[ - -  -  -  -  -  -  -  -  - initServletBean] | I | org.springframework.web.servlet.DispatcherServlet| http-nio-8080-exec-1| Initializing Servlet 'dispatcherServlet'
2024-01-26 10:40:26|[ - -  -  -  -  -  -  -  -  - initServletBean] | I | org.springframework.web.servlet.DispatcherServlet| http-nio-8080-exec-1| Completed initialization in 1 ms
2024-01-26 10:42:01|[ - -  -  -  -  -  -  -  -  - destroy] | I | org.springframework.orm.jpa.LocalContainerEntityManagerFactoryBean| SpringApplicationShutdownHook| Closing JPA EntityManagerFactory for persistence unit 'default'
2024-01-26 10:42:01|[ - -  -  -  -  -  -  -  -  - close] | I | com.zaxxer.hikari.HikariDataSource| SpringApplicationShutdownHook| HikariPool-1 - Shutdown initiated...
2024-01-26 10:42:01|[ - -  -  -  -  -  -  -  -  - close] | I | com.zaxxer.hikari.HikariDataSource| SpringApplicationShutdownHook| HikariPool-1 - Shutdown completed.
2024-01-26 10:42:06|[ - -  -  -  -  -  -  -  -  - logStarting] | I | com.example.backendassignment.BackendAssignmentApplication| main| Starting BackendAssignmentApplication using Java 1.8.0_202 on JAGGA with PID 13252 (C:\Users\brarj\Downloads\BackendAssignment3\target\classes started by brarj in C:\Users\brarj\Downloads\BackendAssignment3)
2024-01-26 10:42:06|[ - -  -  -  -  -  -  -  -  - logStartupProfileInfo] | I | com.example.backendassignment.BackendAssignmentApplication| main| No active profile set, falling back to default profiles: default
2024-01-26 10:42:06|[ - -  -  -  -  -  -  -  -  - registerRepositoriesIn] | I | org.springframework.data.repository.config.RepositoryConfigurationDelegate| main| Bootstrapping Spring Data JPA repositories in DEFAULT mode.
2024-01-26 10:42:07|[ - -  -  -  -  -  -  -  -  - registerRepositoriesIn] | I | org.springframework.data.repository.config.RepositoryConfigurationDelegate| main| Finished Spring Data repository scanning in 42 ms. Found 3 JPA repository interfaces.
2024-01-26 10:42:07|[ - -  -  -  -  -  -  -  -  - initialize] | I | org.springframework.boot.web.embedded.tomcat.TomcatWebServer| main| Tomcat initialized with port(s): 8080 (http)
2024-01-26 10:42:07|[ - -  -  -  -  -  -  -  -  - prepareWebApplicationContext] | I | org.springframework.boot.web.servlet.context.ServletWebServerApplicationContext| main| Root WebApplicationContext: initialization completed in 937 ms
2024-01-26 10:42:07|[ - -  -  -  -  -  -  -  -  - getConnection] | I | com.zaxxer.hikari.HikariDataSource| main| HikariPool-1 - Starting...
2024-01-26 10:42:07|[ - -  -  -  -  -  -  -  -  - getConnection] | I | com.zaxxer.hikari.HikariDataSource| main| HikariPool-1 - Start completed.
2024-01-26 10:42:07|[ - -  -  -  -  -  -  -  -  - lambda$h2Console$0] | I | org.springframework.boot.autoconfigure.h2.H2ConsoleAutoConfiguration| main| H2 console available at '/h2-console'. Database available at 'jdbc:h2:mem:testdb'
2024-01-26 10:42:08|[ - -  -  -  -  -  -  -  -  - buildNativeEntityManagerFactory] | I | org.springframework.orm.jpa.LocalContainerEntityManagerFactoryBean| main| Initialized JPA EntityManagerFactory for persistence unit 'default'
2024-01-26 10:42:08|[ - -  -  -  -  -  -  -  -  - openEntityManagerInViewInterceptor] | W | org.springframework.boot.autoconfigure.orm.jpa.JpaBaseConfiguration$JpaWebConfiguration| main| spring.jpa.open-in-view is enabled by default. Therefore, database queries may be performed during view rendering. Explicitly configure spring.jpa.open-in-view to disable this warning
2024-01-26 10:42:08|[ - -  -  -  -  -  -  -  -  - <init>] | I | org.springframework.security.web.DefaultSecurityFilterChain| main| Will secure any request with [org.springframework.security.web.context.request.async.WebAsyncManagerIntegrationFilter@5280688, org.springframework.security.web.context.SecurityContextPersistenceFilter@35e2b89f, org.springframework.security.web.header.HeaderWriterFilter@26ca12a2, org.springframework.security.web.authentication.logout.LogoutFilter@69eb544f, org.springframework.security.web.authentication.www.BasicAuthenticationFilter@2774dcf4, org.springframework.security.web.savedrequest.RequestCacheAwareFilter@4c063cb9, org.springframework.security.web.servletapi.SecurityContextHolderAwareRequestFilter@1de7f898, org.springframework.security.web.authentication.AnonymousAuthenticationFilter@643f6179, org.springframework.security.web.session.SessionManagementFilter@537ca28e, org.springframework.security.web.access.ExceptionTranslationFilter@10bf1ec9, org.springframework.security.web.access.intercept.FilterSecurityInterceptor@64bba0eb]
2024-01-26 10:42:09|[ - -  -  -  -  -  -  -  -  - start] | I | org.springframework.boot.web.embedded.tomcat.TomcatWebServer| main| Tomcat started on port(s): 8080 (http) with context path ''
2024-01-26 10:42:09|[ - -  -  -  -  -  -  -  -  - logStarted] | I | com.example.backendassignment.BackendAssignmentApplication| main| Started BackendAssignmentApplication in 2.942 seconds (JVM running for 3.625)
2024-01-26 10:42:16|[ - -  -  -  -  -  -  -  -  - initServletBean] | I | org.springframework.web.servlet.DispatcherServlet| http-nio-8080-exec-1| Initializing Servlet 'dispatcherServlet'
2024-01-26 10:42:16|[ - -  -  -  -  -  -  -  -  - initServletBean] | I | org.springframework.web.servlet.DispatcherServlet| http-nio-8080-exec-1| Completed initialization in 1 ms
2024-01-26 10:43:54|[ - -  -  -  -  -  -  -  -  - destroy] | I | org.springframework.orm.jpa.LocalContainerEntityManagerFactoryBean| SpringApplicationShutdownHook| Closing JPA EntityManagerFactory for persistence unit 'default'
2024-01-26 10:43:54|[ - -  -  -  -  -  -  -  -  - close] | I | com.zaxxer.hikari.HikariDataSource| SpringApplicationShutdownHook| HikariPool-1 - Shutdown initiated...
2024-01-26 10:43:54|[ - -  -  -  -  -  -  -  -  - close] | I | com.zaxxer.hikari.HikariDataSource| SpringApplicationShutdownHook| HikariPool-1 - Shutdown completed.
2024-01-26 10:43:59|[ - -  -  -  -  -  -  -  -  - logStarting] | I | com.example.backendassignment.BackendAssignmentApplication| main| Starting BackendAssignmentApplication using Java 1.8.0_202 on JAGGA with PID 17668 (C:\Users\brarj\Downloads\BackendAssignment3\target\classes started by brarj in C:\Users\brarj\Downloads\BackendAssignment3)
2024-01-26 10:43:59|[ - -  -  -  -  -  -  -  -  - logStartupProfileInfo] | I | com.example.backendassignment.BackendAssignmentApplication| main| No active profile set, falling back to default profiles: default
2024-01-26 10:43:59|[ - -  -  -  -  -  -  -  -  - registerRepositoriesIn] | I | org.springframework.data.repository.config.RepositoryConfigurationDelegate| main| Bootstrapping Spring Data JPA repositories in DEFAULT mode.
2024-01-26 10:43:59|[ - -  -  -  -  -  -  -  -  - registerRepositoriesIn] | I | org.springframework.data.repository.config.RepositoryConfigurationDelegate| main| Finished Spring Data repository scanning in 43 ms. Found 3 JPA repository interfaces.
2024-01-26 10:44:00|[ - -  -  -  -  -  -  -  -  - initialize] | I | org.springframework.boot.web.embedded.tomcat.TomcatWebServer| main| Tomcat initialized with port(s): 8080 (http)
2024-01-26 10:44:00|[ - -  -  -  -  -  -  -  -  - prepareWebApplicationContext] | I | org.springframework.boot.web.servlet.context.ServletWebServerApplicationContext| main| Root WebApplicationContext: initialization completed in 941 ms
2024-01-26 10:44:00|[ - -  -  -  -  -  -  -  -  - getConnection] | I | com.zaxxer.hikari.HikariDataSource| main| HikariPool-1 - Starting...
2024-01-26 10:44:00|[ - -  -  -  -  -  -  -  -  - getConnection] | I | com.zaxxer.hikari.HikariDataSource| main| HikariPool-1 - Start completed.
2024-01-26 10:44:00|[ - -  -  -  -  -  -  -  -  - lambda$h2Console$0] | I | org.springframework.boot.autoconfigure.h2.H2ConsoleAutoConfiguration| main| H2 console available at '/h2-console'. Database available at 'jdbc:h2:mem:testdb'
2024-01-26 10:44:01|[ - -  -  -  -  -  -  -  -  - buildNativeEntityManagerFactory] | I | org.springframework.orm.jpa.LocalContainerEntityManagerFactoryBean| main| Initialized JPA EntityManagerFactory for persistence unit 'default'
2024-01-26 10:44:01|[ - -  -  -  -  -  -  -  -  - openEntityManagerInViewInterceptor] | W | org.springframework.boot.autoconfigure.orm.jpa.JpaBaseConfiguration$JpaWebConfiguration| main| spring.jpa.open-in-view is enabled by default. Therefore, database queries may be performed during view rendering. Explicitly configure spring.jpa.open-in-view to disable this warning
2024-01-26 10:44:01|[ - -  -  -  -  -  -  -  -  - <init>] | I | org.springframework.security.web.DefaultSecurityFilterChain| main| Will secure any request with [org.springframework.security.web.context.request.async.WebAsyncManagerIntegrationFilter@5280688, org.springframework.security.web.context.SecurityContextPersistenceFilter@35e2b89f, org.springframework.security.web.header.HeaderWriterFilter@26ca12a2, org.springframework.security.web.authentication.logout.LogoutFilter@69eb544f, org.springframework.security.web.authentication.www.BasicAuthenticationFilter@2774dcf4, org.springframework.security.web.savedrequest.RequestCacheAwareFilter@4c063cb9, org.springframework.security.web.servletapi.SecurityContextHolderAwareRequestFilter@1de7f898, org.springframework.security.web.authentication.AnonymousAuthenticationFilter@643f6179, org.springframework.security.web.session.SessionManagementFilter@537ca28e, org.springframework.security.web.access.ExceptionTranslationFilter@10bf1ec9, org.springframework.security.web.access.intercept.FilterSecurityInterceptor@64bba0eb]
2024-01-26 10:44:01|[ - -  -  -  -  -  -  -  -  - start] | I | org.springframework.boot.web.embedded.tomcat.TomcatWebServer| main| Tomcat started on port(s): 8080 (http) with context path ''
2024-01-26 10:44:01|[ - -  -  -  -  -  -  -  -  - logStarted] | I | com.example.backendassignment.BackendAssignmentApplication| main| Started BackendAssignmentApplication in 2.818 seconds (JVM running for 3.507)
2024-01-26 10:44:21|[ - -  -  -  -  -  -  -  -  - initServletBean] | I | org.springframework.web.servlet.DispatcherServlet| http-nio-8080-exec-1| Initializing Servlet 'dispatcherServlet'
2024-01-26 10:44:21|[ - -  -  -  -  -  -  -  -  - initServletBean] | I | org.springframework.web.servlet.DispatcherServlet| http-nio-8080-exec-1| Completed initialization in 2 ms
2024-01-26 10:54:53|[ - -  -  -  -  -  -  -  -  - destroy] | I | org.springframework.orm.jpa.LocalContainerEntityManagerFactoryBean| SpringApplicationShutdownHook| Closing JPA EntityManagerFactory for persistence unit 'default'
2024-01-26 10:54:53|[ - -  -  -  -  -  -  -  -  - close] | I | com.zaxxer.hikari.HikariDataSource| SpringApplicationShutdownHook| HikariPool-1 - Shutdown initiated...
2024-01-26 10:54:53|[ - -  -  -  -  -  -  -  -  - close] | I | com.zaxxer.hikari.HikariDataSource| SpringApplicationShutdownHook| HikariPool-1 - Shutdown completed.
2024-01-26 10:54:58|[ - -  -  -  -  -  -  -  -  - logStarting] | I | com.example.backendassignment.BackendAssignmentApplication| main| Starting BackendAssignmentApplication using Java 1.8.0_202 on JAGGA with PID 15304 (C:\Users\brarj\Downloads\BackendAssignment3\target\classes started by brarj in C:\Users\brarj\Downloads\BackendAssignment3)
2024-01-26 10:54:58|[ - -  -  -  -  -  -  -  -  - logStartupProfileInfo] | I | com.example.backendassignment.BackendAssignmentApplication| main| No active profile set, falling back to default profiles: default
2024-01-26 10:54:58|[ - -  -  -  -  -  -  -  -  - registerRepositoriesIn] | I | org.springframework.data.repository.config.RepositoryConfigurationDelegate| main| Bootstrapping Spring Data JPA repositories in DEFAULT mode.
2024-01-26 10:54:58|[ - -  -  -  -  -  -  -  -  - registerRepositoriesIn] | I | org.springframework.data.repository.config.RepositoryConfigurationDelegate| main| Finished Spring Data repository scanning in 35 ms. Found 3 JPA repository interfaces.
2024-01-26 10:54:59|[ - -  -  -  -  -  -  -  -  - initialize] | I | org.springframework.boot.web.embedded.tomcat.TomcatWebServer| main| Tomcat initialized with port(s): 8080 (http)
2024-01-26 10:54:59|[ - -  -  -  -  -  -  -  -  - prepareWebApplicationContext] | I | org.springframework.boot.web.servlet.context.ServletWebServerApplicationContext| main| Root WebApplicationContext: initialization completed in 823 ms
2024-01-26 10:54:59|[ - -  -  -  -  -  -  -  -  - getConnection] | I | com.zaxxer.hikari.HikariDataSource| main| HikariPool-1 - Starting...
2024-01-26 10:54:59|[ - -  -  -  -  -  -  -  -  - getConnection] | I | com.zaxxer.hikari.HikariDataSource| main| HikariPool-1 - Start completed.
2024-01-26 10:54:59|[ - -  -  -  -  -  -  -  -  - lambda$h2Console$0] | I | org.springframework.boot.autoconfigure.h2.H2ConsoleAutoConfiguration| main| H2 console available at '/h2-console'. Database available at 'jdbc:h2:mem:testdb'
2024-01-26 10:54:59|[ - -  -  -  -  -  -  -  -  - buildNativeEntityManagerFactory] | I | org.springframework.orm.jpa.LocalContainerEntityManagerFactoryBean| main| Initialized JPA EntityManagerFactory for persistence unit 'default'
2024-01-26 10:54:59|[ - -  -  -  -  -  -  -  -  - openEntityManagerInViewInterceptor] | W | org.springframework.boot.autoconfigure.orm.jpa.JpaBaseConfiguration$JpaWebConfiguration| main| spring.jpa.open-in-view is enabled by default. Therefore, database queries may be performed during view rendering. Explicitly configure spring.jpa.open-in-view to disable this warning
2024-01-26 10:55:00|[ - -  -  -  -  -  -  -  -  - <init>] | I | org.springframework.security.web.DefaultSecurityFilterChain| main| Will secure any request with [org.springframework.security.web.context.request.async.WebAsyncManagerIntegrationFilter@4c56644f, org.springframework.security.web.context.SecurityContextPersistenceFilter@7606bd03, org.springframework.security.web.header.HeaderWriterFilter@61808ecd, org.springframework.security.web.authentication.logout.LogoutFilter@2b2a4332, org.springframework.security.web.authentication.www.BasicAuthenticationFilter@305552d6, org.springframework.security.web.savedrequest.RequestCacheAwareFilter@4b4927e5, org.springframework.security.web.servletapi.SecurityContextHolderAwareRequestFilter@4c063cb9, org.springframework.security.web.authentication.AnonymousAuthenticationFilter@589dfa6f, org.springframework.security.web.session.SessionManagementFilter@3d4ecc67, org.springframework.security.web.access.ExceptionTranslationFilter@d70e9a, org.springframework.security.web.access.intercept.FilterSecurityInterceptor@4052913c]
2024-01-26 10:55:00|[ - -  -  -  -  -  -  -  -  - start] | I | org.springframework.boot.web.embedded.tomcat.TomcatWebServer| main| Tomcat started on port(s): 8080 (http) with context path ''
2024-01-26 10:55:00|[ - -  -  -  -  -  -  -  -  - logStarted] | I | com.example.backendassignment.BackendAssignmentApplication| main| Started BackendAssignmentApplication in 2.485 seconds (JVM running for 3.098)
2024-01-26 10:55:08|[ - -  -  -  -  -  -  -  -  - initServletBean] | I | org.springframework.web.servlet.DispatcherServlet| http-nio-8080-exec-1| Initializing Servlet 'dispatcherServlet'
2024-01-26 10:55:08|[ - -  -  -  -  -  -  -  -  - initServletBean] | I | org.springframework.web.servlet.DispatcherServlet| http-nio-8080-exec-1| Completed initialization in 1 ms
2024-01-26 10:58:45|[ - -  -  -  -  -  -  -  -  - destroy] | I | org.springframework.orm.jpa.LocalContainerEntityManagerFactoryBean| SpringApplicationShutdownHook| Closing JPA EntityManagerFactory for persistence unit 'default'
2024-01-26 10:58:45|[ - -  -  -  -  -  -  -  -  - close] | I | com.zaxxer.hikari.HikariDataSource| SpringApplicationShutdownHook| HikariPool-1 - Shutdown initiated...
2024-01-26 10:58:45|[ - -  -  -  -  -  -  -  -  - close] | I | com.zaxxer.hikari.HikariDataSource| SpringApplicationShutdownHook| HikariPool-1 - Shutdown completed.
2024-01-26 10:58:51|[ - -  -  -  -  -  -  -  -  - logStarting] | I | com.example.backendassignment.BackendAssignmentApplication| main| Starting BackendAssignmentApplication using Java 1.8.0_202 on JAGGA with PID 18188 (C:\Users\brarj\Downloads\BackendAssignment3\target\classes started by brarj in C:\Users\brarj\Downloads\BackendAssignment3)
2024-01-26 10:58:51|[ - -  -  -  -  -  -  -  -  - logStartupProfileInfo] | I | com.example.backendassignment.BackendAssignmentApplication| main| No active profile set, falling back to default profiles: default
2024-01-26 10:58:51|[ - -  -  -  -  -  -  -  -  - registerRepositoriesIn] | I | org.springframework.data.repository.config.RepositoryConfigurationDelegate| main| Bootstrapping Spring Data JPA repositories in DEFAULT mode.
2024-01-26 10:58:51|[ - -  -  -  -  -  -  -  -  - registerRepositoriesIn] | I | org.springframework.data.repository.config.RepositoryConfigurationDelegate| main| Finished Spring Data repository scanning in 35 ms. Found 3 JPA repository interfaces.
2024-01-26 10:58:51|[ - -  -  -  -  -  -  -  -  - initialize] | I | org.springframework.boot.web.embedded.tomcat.TomcatWebServer| main| Tomcat initialized with port(s): 8080 (http)
2024-01-26 10:58:51|[ - -  -  -  -  -  -  -  -  - prepareWebApplicationContext] | I | org.springframework.boot.web.servlet.context.ServletWebServerApplicationContext| main| Root WebApplicationContext: initialization completed in 821 ms
2024-01-26 10:58:52|[ - -  -  -  -  -  -  -  -  - getConnection] | I | com.zaxxer.hikari.HikariDataSource| main| HikariPool-1 - Starting...
2024-01-26 10:58:52|[ - -  -  -  -  -  -  -  -  - getConnection] | I | com.zaxxer.hikari.HikariDataSource| main| HikariPool-1 - Start completed.
2024-01-26 10:58:52|[ - -  -  -  -  -  -  -  -  - lambda$h2Console$0] | I | org.springframework.boot.autoconfigure.h2.H2ConsoleAutoConfiguration| main| H2 console available at '/h2-console'. Database available at 'jdbc:h2:mem:testdb'
2024-01-26 10:58:52|[ - -  -  -  -  -  -  -  -  - buildNativeEntityManagerFactory] | I | org.springframework.orm.jpa.LocalContainerEntityManagerFactoryBean| main| Initialized JPA EntityManagerFactory for persistence unit 'default'
2024-01-26 10:58:52|[ - -  -  -  -  -  -  -  -  - openEntityManagerInViewInterceptor] | W | org.springframework.boot.autoconfigure.orm.jpa.JpaBaseConfiguration$JpaWebConfiguration| main| spring.jpa.open-in-view is enabled by default. Therefore, database queries may be performed during view rendering. Explicitly configure spring.jpa.open-in-view to disable this warning
2024-01-26 10:58:53|[ - -  -  -  -  -  -  -  -  - <init>] | I | org.springframework.security.web.DefaultSecurityFilterChain| main| Will secure any request with [org.springframework.security.web.context.request.async.WebAsyncManagerIntegrationFilter@100d0218, org.springframework.security.web.context.SecurityContextPersistenceFilter@4c5da4f9, org.springframework.security.web.header.HeaderWriterFilter@71b26880, org.springframework.security.web.authentication.logout.LogoutFilter@7be38eba, org.springframework.security.web.authentication.www.BasicAuthenticationFilter@4c56644f, org.springframework.security.web.savedrequest.RequestCacheAwareFilter@70d3cdbf, org.springframework.security.web.servletapi.SecurityContextHolderAwareRequestFilter@18907af2, org.springframework.security.web.authentication.AnonymousAuthenticationFilter@2774dcf4, org.springframework.security.web.session.SessionManagementFilter@afee63, org.springframework.security.web.access.ExceptionTranslationFilter@591be8aa, org.springframework.security.web.access.intercept.FilterSecurityInterceptor@5dfd31f4]
2024-01-26 10:58:53|[ - -  -  -  -  -  -  -  -  - start] | I | org.springframework.boot.web.embedded.tomcat.TomcatWebServer| main| Tomcat started on port(s): 8080 (http) with context path ''
2024-01-26 10:58:53|[ - -  -  -  -  -  -  -  -  - logStarted] | I | com.example.backendassignment.BackendAssignmentApplication| main| Started BackendAssignmentApplication in 2.474 seconds (JVM running for 3.092)
2024-01-26 10:59:00|[ - -  -  -  -  -  -  -  -  - initServletBean] | I | org.springframework.web.servlet.DispatcherServlet| http-nio-8080-exec-1| Initializing Servlet 'dispatcherServlet'
2024-01-26 10:59:00|[ - -  -  -  -  -  -  -  -  - initServletBean] | I | org.springframework.web.servlet.DispatcherServlet| http-nio-8080-exec-1| Completed initialization in 1 ms
2024-01-26 11:08:40|[ - -  -  -  -  -  -  -  -  - destroy] | I | org.springframework.orm.jpa.LocalContainerEntityManagerFactoryBean| SpringApplicationShutdownHook| Closing JPA EntityManagerFactory for persistence unit 'default'
2024-01-26 11:08:40|[ - -  -  -  -  -  -  -  -  - close] | I | com.zaxxer.hikari.HikariDataSource| SpringApplicationShutdownHook| HikariPool-1 - Shutdown initiated...
2024-01-26 11:08:40|[ - -  -  -  -  -  -  -  -  - close] | I | com.zaxxer.hikari.HikariDataSource| SpringApplicationShutdownHook| HikariPool-1 - Shutdown completed.
2024-01-26 11:08:45|[ - -  -  -  -  -  -  -  -  - logStarting] | I | com.example.backendassignment.BackendAssignmentApplication| main| Starting BackendAssignmentApplication using Java 1.8.0_202 on JAGGA with PID 25548 (C:\Users\brarj\Downloads\BackendAssignment3\target\classes started by brarj in C:\Users\brarj\Downloads\BackendAssignment3)
2024-01-26 11:08:45|[ - -  -  -  -  -  -  -  -  - logStartupProfileInfo] | I | com.example.backendassignment.BackendAssignmentApplication| main| No active profile set, falling back to default profiles: default
2024-01-26 11:08:45|[ - -  -  -  -  -  -  -  -  - registerRepositoriesIn] | I | org.springframework.data.repository.config.RepositoryConfigurationDelegate| main| Bootstrapping Spring Data JPA repositories in DEFAULT mode.
2024-01-26 11:08:45|[ - -  -  -  -  -  -  -  -  - registerRepositoriesIn] | I | org.springframework.data.repository.config.RepositoryConfigurationDelegate| main| Finished Spring Data repository scanning in 36 ms. Found 3 JPA repository interfaces.
2024-01-26 11:08:46|[ - -  -  -  -  -  -  -  -  - initialize] | I | org.springframework.boot.web.embedded.tomcat.TomcatWebServer| main| Tomcat initialized with port(s): 8080 (http)
2024-01-26 11:08:46|[ - -  -  -  -  -  -  -  -  - prepareWebApplicationContext] | I | org.springframework.boot.web.servlet.context.ServletWebServerApplicationContext| main| Root WebApplicationContext: initialization completed in 811 ms
2024-01-26 11:08:46|[ - -  -  -  -  -  -  -  -  - getConnection] | I | com.zaxxer.hikari.HikariDataSource| main| HikariPool-1 - Starting...
2024-01-26 11:08:46|[ - -  -  -  -  -  -  -  -  - getConnection] | I | com.zaxxer.hikari.HikariDataSource| main| HikariPool-1 - Start completed.
2024-01-26 11:08:46|[ - -  -  -  -  -  -  -  -  - lambda$h2Console$0] | I | org.springframework.boot.autoconfigure.h2.H2ConsoleAutoConfiguration| main| H2 console available at '/h2-console'. Database available at 'jdbc:h2:mem:testdb'
2024-01-26 11:08:46|[ - -  -  -  -  -  -  -  -  - buildNativeEntityManagerFactory] | I | org.springframework.orm.jpa.LocalContainerEntityManagerFactoryBean| main| Initialized JPA EntityManagerFactory for persistence unit 'default'
2024-01-26 11:08:46|[ - -  -  -  -  -  -  -  -  - openEntityManagerInViewInterceptor] | W | org.springframework.boot.autoconfigure.orm.jpa.JpaBaseConfiguration$JpaWebConfiguration| main| spring.jpa.open-in-view is enabled by default. Therefore, database queries may be performed during view rendering. Explicitly configure spring.jpa.open-in-view to disable this warning
2024-01-26 11:08:47|[ - -  -  -  -  -  -  -  -  - <init>] | I | org.springframework.security.web.DefaultSecurityFilterChain| main| Will secure any request with [org.springframework.security.web.context.request.async.WebAsyncManagerIntegrationFilter@568f4faa, org.springframework.security.web.context.SecurityContextPersistenceFilter@3d4ecc67, org.springframework.security.web.header.HeaderWriterFilter@5e98032e, org.springframework.security.web.authentication.logout.LogoutFilter@1152900, org.springframework.security.web.authentication.www.BasicAuthenticationFilter@655203e3, org.springframework.security.web.savedrequest.RequestCacheAwareFilter@7606bd03, org.springframework.security.web.servletapi.SecurityContextHolderAwareRequestFilter@35e2b89f, org.springframework.security.web.authentication.AnonymousAuthenticationFilter@4c56644f, org.springframework.security.web.session.SessionManagementFilter@516195cf, org.springframework.security.web.access.ExceptionTranslationFilter@7ef41ca2, org.springframework.security.web.access.intercept.FilterSecurityInterceptor@37d0d373]
2024-01-26 11:08:47|[ - -  -  -  -  -  -  -  -  - start] | I | org.springframework.boot.web.embedded.tomcat.TomcatWebServer| main| Tomcat started on port(s): 8080 (http) with context path ''
2024-01-26 11:08:47|[ - -  -  -  -  -  -  -  -  - logStarted] | I | com.example.backendassignment.BackendAssignmentApplication| main| Started BackendAssignmentApplication in 2.459 seconds (JVM running for 3.079)
2024-01-26 11:09:07|[ - -  -  -  -  -  -  -  -  - initServletBean] | I | org.springframework.web.servlet.DispatcherServlet| http-nio-8080-exec-1| Initializing Servlet 'dispatcherServlet'
2024-01-26 11:09:07|[ - -  -  -  -  -  -  -  -  - initServletBean] | I | org.springframework.web.servlet.DispatcherServlet| http-nio-8080-exec-1| Completed initialization in 1 ms
2024-01-26 11:17:06|[ - -  -  -  -  -  -  -  -  - destroy] | I | org.springframework.orm.jpa.LocalContainerEntityManagerFactoryBean| SpringApplicationShutdownHook| Closing JPA EntityManagerFactory for persistence unit 'default'
2024-01-26 11:17:06|[ - -  -  -  -  -  -  -  -  - close] | I | com.zaxxer.hikari.HikariDataSource| SpringApplicationShutdownHook| HikariPool-1 - Shutdown initiated...
2024-01-26 11:17:06|[ - -  -  -  -  -  -  -  -  - close] | I | com.zaxxer.hikari.HikariDataSource| SpringApplicationShutdownHook| HikariPool-1 - Shutdown completed.
2024-01-26 11:17:10|[ - -  -  -  -  -  -  -  -  - logStarting] | I | com.example.backendassignment.BackendAssignmentApplication| main| Starting BackendAssignmentApplication using Java 1.8.0_202 on JAGGA with PID 13896 (C:\Users\brarj\Downloads\BackendAssignment3\target\classes started by brarj in C:\Users\brarj\Downloads\BackendAssignment3)
2024-01-26 11:17:10|[ - -  -  -  -  -  -  -  -  - logStartupProfileInfo] | I | com.example.backendassignment.BackendAssignmentApplication| main| No active profile set, falling back to default profiles: default
2024-01-26 11:17:10|[ - -  -  -  -  -  -  -  -  - registerRepositoriesIn] | I | org.springframework.data.repository.config.RepositoryConfigurationDelegate| main| Bootstrapping Spring Data JPA repositories in DEFAULT mode.
2024-01-26 11:17:10|[ - -  -  -  -  -  -  -  -  - registerRepositoriesIn] | I | org.springframework.data.repository.config.RepositoryConfigurationDelegate| main| Finished Spring Data repository scanning in 35 ms. Found 3 JPA repository interfaces.
2024-01-26 11:17:11|[ - -  -  -  -  -  -  -  -  - initialize] | I | org.springframework.boot.web.embedded.tomcat.TomcatWebServer| main| Tomcat initialized with port(s): 8080 (http)
2024-01-26 11:17:11|[ - -  -  -  -  -  -  -  -  - prepareWebApplicationContext] | I | org.springframework.boot.web.servlet.context.ServletWebServerApplicationContext| main| Root WebApplicationContext: initialization completed in 819 ms
2024-01-26 11:17:11|[ - -  -  -  -  -  -  -  -  - getConnection] | I | com.zaxxer.hikari.HikariDataSource| main| HikariPool-1 - Starting...
2024-01-26 11:17:11|[ - -  -  -  -  -  -  -  -  - getConnection] | I | com.zaxxer.hikari.HikariDataSource| main| HikariPool-1 - Start completed.
2024-01-26 11:17:11|[ - -  -  -  -  -  -  -  -  - lambda$h2Console$0] | I | org.springframework.boot.autoconfigure.h2.H2ConsoleAutoConfiguration| main| H2 console available at '/h2-console'. Database available at 'jdbc:h2:mem:testdb'
2024-01-26 11:17:12|[ - -  -  -  -  -  -  -  -  - buildNativeEntityManagerFactory] | I | org.springframework.orm.jpa.LocalContainerEntityManagerFactoryBean| main| Initialized JPA EntityManagerFactory for persistence unit 'default'
2024-01-26 11:17:12|[ - -  -  -  -  -  -  -  -  - openEntityManagerInViewInterceptor] | W | org.springframework.boot.autoconfigure.orm.jpa.JpaBaseConfiguration$JpaWebConfiguration| main| spring.jpa.open-in-view is enabled by default. Therefore, database queries may be performed during view rendering. Explicitly configure spring.jpa.open-in-view to disable this warning
2024-01-26 11:17:12|[ - -  -  -  -  -  -  -  -  - <init>] | I | org.springframework.security.web.DefaultSecurityFilterChain| main| Will secure any request with [org.springframework.security.web.context.request.async.WebAsyncManagerIntegrationFilter@43588265, org.springframework.security.web.context.SecurityContextPersistenceFilter@afee63, org.springframework.security.web.header.HeaderWriterFilter@7f1f60a0, org.springframework.security.web.authentication.logout.LogoutFilter@2cbe455c, org.springframework.security.web.authentication.www.BasicAuthenticationFilter@23b71d24, org.springframework.security.web.savedrequest.RequestCacheAwareFilter@4c5da4f9, org.springframework.security.web.servletapi.SecurityContextHolderAwareRequestFilter@63de4fa, org.springframework.security.web.authentication.AnonymousAuthenticationFilter@6f8667bb, org.springframework.security.web.session.SessionManagementFilter@60dcf9ec, org.springframework.security.web.access.ExceptionTranslationFilter@5e98032e, org.springframework.security.web.access.intercept.FilterSecurityInterceptor@38089dae]
2024-01-26 11:17:12|[ - -  -  -  -  -  -  -  -  - start] | I | org.springframework.boot.web.embedded.tomcat.TomcatWebServer| main| Tomcat started on port(s): 8080 (http) with context path ''
2024-01-26 11:17:12|[ - -  -  -  -  -  -  -  -  - logStarted] | I | com.example.backendassignment.BackendAssignmentApplication| main| Started BackendAssignmentApplication in 2.467 seconds (JVM running for 3.095)
